res：products/OcFyEAzH58/devices/office_1
et：1761720044
key：VGNpVkVzTW9RbFJqSkc5VjNjRkZQQzNHc0RxeXhWcEw=
method:md5
version:2018-10-31
Token：version=2018-10-31&res=products%2FOcFyEAzH58%2Fdevices%2Foffice_1&et=1761720044&method=md5&sign=JFXruNyGm%2BFixVErw7Mmdg%3D%3D


res：products/OcFyEAzH58/devices/office_2
et：1762233160
key：Rm1UMVlXT0FjMTZoMEg0aXU4Z09TdXZGcWN3Um9BR1U=
method:md5
version:2018-10-31
Token：version=2018-10-31&res=products%2FOcFyEAzH58%2Fdevices%2Foffice_2&et=1762233160&method=md5&sign=mCWMJY%2BFSHLZzcBlstleCw%3D%3D


res：products/OcFyEAzH58/devices/center
et：1762233160
key：RnF5TFNoUWNBbUw4YTgyOXZpdUU3MDhRMzVIcjFOWVE=
method:md5
version:2018-10-31
Token：version=2018-10-31&res=products%2FOcFyEAzH58%2Fdevices%2Fcenter&et=1762233160&method=md5&sign=Epu9EknM3DSEmUGfxXHQ8g%3D%3D


res：products/OcFyEAzH58/devices/office_1
et：1762233160
key：VGNpVkVzTW9RbFJqSkc5VjNjRkZQQzNHc0RxeXhWcEw=
method:md5
version:2018-10-31
Token：version=2018-10-31&res=products%2FOcFyEAzH58%2Fdevices%2Foffice_1&et=1762233160&method=md5&sign=egXmwYB7k8Oh1LLrHTqwIw%3D%3D


